{"/Users/dator/Documents/GitHub/grupp-projekt-tdd/src/assets/apple.svg": {"data":{"path":"/Users/dator/Documents/GitHub/grupp-projekt-tdd/src/assets/apple.svg","statementMap":{"0":{"start":{"line":1,"column":0},"end":{"line":1,"column":19}}},"fnMap":{},"branchMap":{},"s":{"0":1},"f":{},"b":{},"_coverageSchema":"1a1c01bbd47fc00a2c39e90264f33305004495a9","hash":"49c5fe711b66f9d2de61b60c4ad6e9ba7820dff6"}}
,"/Users/dator/Documents/GitHub/grupp-projekt-tdd/src/assets/avocado.svg": {"data":{"path":"/Users/dator/Documents/GitHub/grupp-projekt-tdd/src/assets/avocado.svg","statementMap":{"0":{"start":{"line":1,"column":0},"end":{"line":1,"column":19}}},"fnMap":{},"branchMap":{},"s":{"0":1},"f":{},"b":{},"_coverageSchema":"1a1c01bbd47fc00a2c39e90264f33305004495a9","hash":"3cd3ab473e8ee2b90241dcfd57cf4215e66f3a50"}}
,"/Users/dator/Documents/GitHub/grupp-projekt-tdd/src/assets/banana.svg": {"data":{"path":"/Users/dator/Documents/GitHub/grupp-projekt-tdd/src/assets/banana.svg","statementMap":{"0":{"start":{"line":1,"column":0},"end":{"line":1,"column":19}}},"fnMap":{},"branchMap":{},"s":{"0":1},"f":{},"b":{},"_coverageSchema":"1a1c01bbd47fc00a2c39e90264f33305004495a9","hash":"5cde09fd04999d3eb2d65daa2e288a27f152473a"}}
,"/Users/dator/Documents/GitHub/grupp-projekt-tdd/src/assets/blueberry.svg": {"data":{"path":"/Users/dator/Documents/GitHub/grupp-projekt-tdd/src/assets/blueberry.svg","statementMap":{"0":{"start":{"line":1,"column":0},"end":{"line":1,"column":19}}},"fnMap":{},"branchMap":{},"s":{"0":1},"f":{},"b":{},"_coverageSchema":"1a1c01bbd47fc00a2c39e90264f33305004495a9","hash":"592cb5fa7d0302b5e925b5aaa25f457c9d82d823"}}
,"/Users/dator/Documents/GitHub/grupp-projekt-tdd/src/assets/grapes.svg": {"data":{"path":"/Users/dator/Documents/GitHub/grupp-projekt-tdd/src/assets/grapes.svg","statementMap":{"0":{"start":{"line":1,"column":0},"end":{"line":1,"column":19}}},"fnMap":{},"branchMap":{},"s":{"0":1},"f":{},"b":{},"_coverageSchema":"1a1c01bbd47fc00a2c39e90264f33305004495a9","hash":"20d1d31cb6c1f52f72647097a00255119c6ea361"}}
,"/Users/dator/Documents/GitHub/grupp-projekt-tdd/src/assets/pear.svg": {"data":{"path":"/Users/dator/Documents/GitHub/grupp-projekt-tdd/src/assets/pear.svg","statementMap":{"0":{"start":{"line":1,"column":0},"end":{"line":1,"column":19}}},"fnMap":{},"branchMap":{},"s":{"0":1},"f":{},"b":{},"_coverageSchema":"1a1c01bbd47fc00a2c39e90264f33305004495a9","hash":"a51ddcfde09d02a2f99e90ac35ce435c88995551"}}
,"/Users/dator/Documents/GitHub/grupp-projekt-tdd/src/assets/pineapple.svg": {"data":{"path":"/Users/dator/Documents/GitHub/grupp-projekt-tdd/src/assets/pineapple.svg","statementMap":{"0":{"start":{"line":1,"column":0},"end":{"line":1,"column":19}}},"fnMap":{},"branchMap":{},"s":{"0":1},"f":{},"b":{},"_coverageSchema":"1a1c01bbd47fc00a2c39e90264f33305004495a9","hash":"c3112c04c8750884ff787a6d2c20bc8b6810374d"}}
,"/Users/dator/Documents/GitHub/grupp-projekt-tdd/src/assets/strawberry.svg": {"data":{"path":"/Users/dator/Documents/GitHub/grupp-projekt-tdd/src/assets/strawberry.svg","statementMap":{"0":{"start":{"line":1,"column":0},"end":{"line":1,"column":19}}},"fnMap":{},"branchMap":{},"s":{"0":1},"f":{},"b":{},"_coverageSchema":"1a1c01bbd47fc00a2c39e90264f33305004495a9","hash":"35ab772d39e7d91a8e0c35e7e1b91fc1a567966e"}}
,"/Users/dator/Documents/GitHub/grupp-projekt-tdd/src/components/ProductList.vue": {"path":"/Users/dator/Documents/GitHub/grupp-projekt-tdd/src/components/ProductList.vue","statementMap":{"0":{"start":{"line":10,"column":0},"end":{"line":10,"column":null}}},"fnMap":{},"branchMap":{},"s":{"0":1},"f":{},"b":{}}
,"/Users/dator/Documents/GitHub/grupp-projekt-tdd/src/views/Home.vue": {"path":"/Users/dator/Documents/GitHub/grupp-projekt-tdd/src/views/Home.vue","statementMap":{"0":{"start":{"line":9,"column":0},"end":{"line":9,"column":null}},"1":{"start":{"line":10,"column":0},"end":{"line":10,"column":null}},"2":{"start":{"line":11,"column":0},"end":{"line":11,"column":null}},"3":{"start":{"line":12,"column":0},"end":{"line":12,"column":null}},"4":{"start":{"line":13,"column":0},"end":{"line":13,"column":null}},"5":{"start":{"line":14,"column":0},"end":{"line":14,"column":null}},"6":{"start":{"line":15,"column":0},"end":{"line":15,"column":null}},"7":{"start":{"line":16,"column":0},"end":{"line":16,"column":null}},"8":{"start":{"line":17,"column":0},"end":{"line":17,"column":null}},"9":{"start":{"line":24,"column":0},"end":{"line":24,"column":null}}},"fnMap":{"0":{"name":"(anonymous_1)","decl":{"start":{"line":23,"column":0},"end":{"line":23,"column":null}},"loc":{"start":{"line":23,"column":0},"end":{"line":37,"column":null}}}},"branchMap":{},"s":{"0":1,"1":1,"2":1,"3":1,"4":1,"5":1,"6":1,"7":1,"8":1,"9":1},"f":{"0":1},"b":{}}
}
